<?xml version="1.0" encoding="UTF-8"?>
<testng-results ignored="0" total="1" passed="1" failed="0" skipped="0">
  <reporter-output>
  </reporter-output>
  <suite started-at="2022-10-13T16:27:38 IST" name="Suite" finished-at="2022-10-13T16:27:55 IST" duration-ms="16684">
    <groups>
      <group name="cucumber">
        <method signature="AbstractTestNGCucumberTests.runScenario(io.cucumber.testng.PickleWrapper, io.cucumber.testng.FeatureWrapper)[pri:0, instance:TestRunner@3e58a80e]" name="runScenario" class="io.cucumber.testng.AbstractTestNGCucumberTests"/>
      </group> <!-- cucumber -->
    </groups>
    <test started-at="2022-10-13T16:27:38 IST" name="Test" finished-at="2022-10-13T16:27:55 IST" duration-ms="16684">
      <class name="TestRunner">
        <test-method is-config="true" signature="setUpClass(org.testng.ITestContext)[pri:0, instance:TestRunner@3e58a80e]" started-at="2022-10-13T16:27:38 IST" name="setUpClass" finished-at="2022-10-13T16:27:39 IST" duration-ms="619" status="PASS">
          <params>
            <param index="0">
              <value>
                <![CDATA[org.testng.TestRunner@2df3545d]]>
              </value>
            </param>
          </params>
          <reporter-output>
          </reporter-output>
        </test-method> <!-- setUpClass -->
        <test-method signature="runScenario(io.cucumber.testng.PickleWrapper, io.cucumber.testng.FeatureWrapper)[pri:0, instance:TestRunner@3e58a80e]" started-at="2022-10-13T16:27:39 IST" name="runScenario" description="Runs Cucumber Scenarios" data-provider="scenarios" finished-at="2022-10-13T16:27:55 IST" duration-ms="15742" status="PASS">
          <params>
            <param index="0">
              <value>
                <![CDATA["The user requests demo video"]]>
              </value>
            </param>
            <param index="1">
              <value>
                <![CDATA["Request demo"]]>
              </value>
            </param>
          </params>
          <reporter-output>
          </reporter-output>
        </test-method> <!-- runScenario -->
        <test-method is-config="true" signature="tearDownClass()[pri:0, instance:TestRunner@3e58a80e]" started-at="2022-10-13T16:27:55 IST" name="tearDownClass" finished-at="2022-10-13T16:27:55 IST" duration-ms="288" status="PASS">
          <reporter-output>
          </reporter-output>
        </test-method> <!-- tearDownClass -->
      </class> <!-- TestRunner -->
    </test> <!-- Test -->
  </suite> <!-- Suite -->
</testng-results>
